<?xml version="1.0" encoding="UTF-8"?>
<!-- Generated by org.testng.reporters.JUnitReportReporter -->
<testsuite hostname="DESKTOP-BL2895T" failures="0" tests="2" name="MyTests.HomePageTest" time="0.134" errors="0" timestamp="2021-07-31T02:06:06 IST" skipped="0">
  <testcase classname="MyTests.HomePageTest" name="contactFooterTest" time="0.079"/>
  <system-out/>
  <testcase classname="MyTests.HomePageTest" name="headerTest" time="0.055"/>
  <system-out/>
</testsuite> <!-- MyTests.HomePageTest -->
